
Showing logs for build [32mmeta-cb-kubecd-environment-pr-5-8225t-1[0m stage [32mmeta-pipeline[0m and container [32mstep-credential-initializer-697vb[0m
{"level":"warn","ts":1568061750.0046418,"logger":"fallback-logger","caller":"logging/config.go:69","msg":"Fetch GitHub commit ID from kodata failed: \"ref: refs/heads/master\" is not a valid GitHub commit ID"}
{"level":"info","ts":1568061750.0051768,"logger":"fallback-logger","caller":"creds-init/main.go:40","msg":"Credentials initialized."}

Showing logs for build [32mmeta-cb-kubecd-environment-pr-5-8225t-1[0m stage [32mmeta-pipeline[0m and container [32mstep-working-dir-initializer-p2sh2[0m
{"level":"warn","ts":1568061751.9569418,"logger":"fallback-logger","caller":"logging/config.go:69","msg":"Fetch GitHub commit ID from kodata failed: open /var/run/ko/HEAD: no such file or directory"}
{"level":"info","ts":1568061752.0671847,"logger":"fallback-logger","caller":"bash/main.go:65","msg":"Successfully executed command \"mkdir -p /workspace/source\""}

Showing logs for build [32mmeta-cb-kubecd-environment-pr-5-8225t-1[0m stage [32mmeta-pipeline[0m and container [32mstep-place-tools[0m

Showing logs for build [32mmeta-cb-kubecd-environment-pr-5-8225t-1[0m stage [32mmeta-pipeline[0m and container [32mstep-git-source-meta-cb-kubecd-environment-pr-5-mr9gq[0m
{"level":"warn","ts":1568061756.5916119,"logger":"fallback-logger","caller":"logging/config.go:69","msg":"Fetch GitHub commit ID from kodata failed: \"ref: refs/heads/master\" is not a valid GitHub commit ID"}
{"level":"info","ts":1568061757.6538317,"logger":"fallback-logger","caller":"git/git.go:102","msg":"Successfully cloned https://github.com/cb-kubecd/environment-pr-5402-19-tekton-gkebdd-production.git @ b72c97566d2a122c87ccf8d1ee8efa8b86e67281 in path /workspace/source"}

Showing logs for build [32mmeta-cb-kubecd-environment-pr-5-8225t-1[0m stage [32mmeta-pipeline[0m and container [32mstep-git-merge[0m
Using SHAs from PULL_REFS=master:b72c97566d2a122c87ccf8d1ee8efa8b86e67281,1:cc1a57f075318e49b1730c68c4482cf020fbaeb7
DEBUG: ran git fetch --unshallow origin cc1a57f075318e49b1730c68c4482cf020fbaeb7: b72c97566d2a122c87ccf8d1ee8efa8b86e67281: in 
DEBUG: ran git checkout master in 
DEBUG: ran git reset --hard b72c97566d2a122c87ccf8d1ee8efa8b86e67281 in 
DEBUG: ran clean --force -d . in 
DEBUG: ran git merge cc1a57f075318e49b1730c68c4482cf020fbaeb7 in 
Merged SHA cc1a57f075318e49b1730c68c4482cf020fbaeb7 with commit message 'chore: Promote bdd-spring-1568060823 to version 0.0.1' into base branch master

Showing logs for build [32mmeta-cb-kubecd-environment-pr-5-8225t-1[0m stage [32mmeta-pipeline[0m and container [32mstep-merge-pull-refs[0m
DEBUG: ran git fetch origin cc1a57f075318e49b1730c68c4482cf020fbaeb7: b72c97566d2a122c87ccf8d1ee8efa8b86e67281: in 
DEBUG: Unshallowed git repo in 
DEBUG: ran git checkout master in 
DEBUG: ran git reset --hard b72c97566d2a122c87ccf8d1ee8efa8b86e67281 in 
DEBUG: ran clean --force -d . in 
DEBUG: ran git merge cc1a57f075318e49b1730c68c4482cf020fbaeb7 in 
Merged SHA cc1a57f075318e49b1730c68c4482cf020fbaeb7 with commit message 'chore: Promote bdd-spring-1568060823 to version 0.0.1' into base branch master

Showing logs for build [32mmeta-cb-kubecd-environment-pr-5-8225t-1[0m stage [32mmeta-pipeline[0m and container [32mstep-create-effective-pipeline[0m
Deleting and cloning the Jenkins X versions repo
Cloning the Jenkins X versions repo https://github.com/jenkins-x/jenkins-x-versions.git with ref refs/heads/master to /builder/home/.**/jenkins-x-versions
selected pack: /builder/home/.**/draft/packs/github.com/jenkins-x-buildpacks/jenkins-x-kubernetes/packs/environment
Effective pipeline written to jenkins-x-promotion-build-effective.yml

Showing logs for build [32mmeta-cb-kubecd-environment-pr-5-8225t-1[0m stage [32mmeta-pipeline[0m and container [32mstep-create-tekton-crds[0m
PipelineActivity for cb-kubecd-environment-pr-5402-19-tekton-gkebdd-production-PR-1-1
Applying changes 
upserted PipelineResource cb-kubecd-environment-pr-5402-1 for the git repository https://github.com/cb-kubecd/environment-pr-5402-19-tekton-gkebdd-production.git
upserted Task cb-kubecd-environment-pr-5402-1-sx4nf-from-build-pack-1
upserted Pipeline cb-kubecd-environment-pr-5402-1-sx4nf-1
created PipelineRun cb-kubecd-environment-pr-5402-1-sx4nf-1
created PipelineStructure cb-kubecd-environment-pr-5402-1-sx4nf-1

waiting for stage [32mfrom-build-pack[0m : container [32mstep-credential-initializer-z2x5f[0m to start...


Showing logs for build [32mmeta-cb-kubecd-environment-pr-5-8225t-1[0m stage [32mfrom-build-pack[0m and container [32mstep-credential-initializer-z2x5f[0m
{"level":"warn","ts":1568061772.8474135,"logger":"fallback-logger","caller":"logging/config.go:69","msg":"Fetch GitHub commit ID from kodata failed: \"ref: refs/heads/master\" is not a valid GitHub commit ID"}
{"level":"info","ts":1568061772.8480082,"logger":"fallback-logger","caller":"creds-init/main.go:40","msg":"Credentials initialized."}

waiting for stage [32mfrom-build-pack[0m : container [32mstep-working-dir-initializer-zp6p6[0m to start...


Showing logs for build [32mmeta-cb-kubecd-environment-pr-5-8225t-1[0m stage [32mfrom-build-pack[0m and container [32mstep-working-dir-initializer-zp6p6[0m
{"level":"warn","ts":1568061773.798949,"logger":"fallback-logger","caller":"logging/config.go:69","msg":"Fetch GitHub commit ID from kodata failed: open /var/run/ko/HEAD: no such file or directory"}
{"level":"info","ts":1568061773.800842,"logger":"fallback-logger","caller":"bash/main.go:65","msg":"Successfully executed command \"mkdir -p /workspace/source /workspace/source/env\""}

waiting for stage [32mfrom-build-pack[0m : container [32mstep-place-tools[0m to start...


Showing logs for build [32mmeta-cb-kubecd-environment-pr-5-8225t-1[0m stage [32mfrom-build-pack[0m and container [32mstep-place-tools[0m

waiting for stage [32mfrom-build-pack[0m : container [32mstep-git-source-cb-kubecd-environment-pr-5402-1-d495l[0m to start...


Showing logs for build [32mmeta-cb-kubecd-environment-pr-5-8225t-1[0m stage [32mfrom-build-pack[0m and container [32mstep-git-source-cb-kubecd-environment-pr-5402-1-d495l[0m
{"level":"warn","ts":1568061777.9146764,"logger":"fallback-logger","caller":"logging/config.go:69","msg":"Fetch GitHub commit ID from kodata failed: \"ref: refs/heads/master\" is not a valid GitHub commit ID"}
{"level":"info","ts":1568061779.0312457,"logger":"fallback-logger","caller":"git/git.go:102","msg":"Successfully cloned https://github.com/cb-kubecd/environment-pr-5402-19-tekton-gkebdd-production.git @ master in path /workspace/source"}

waiting for stage [32mfrom-build-pack[0m : container [32mstep-git-merge[0m to start...


Showing logs for build [32mmeta-cb-kubecd-environment-pr-5-8225t-1[0m stage [32mfrom-build-pack[0m and container [32mstep-git-merge[0m
Using SHAs from PULL_REFS=master:b72c97566d2a122c87ccf8d1ee8efa8b86e67281,1:cc1a57f075318e49b1730c68c4482cf020fbaeb7
DEBUG: ran git fetch --unshallow origin cc1a57f075318e49b1730c68c4482cf020fbaeb7: b72c97566d2a122c87ccf8d1ee8efa8b86e67281: in 
DEBUG: ran git checkout master in 
DEBUG: ran git reset --hard b72c97566d2a122c87ccf8d1ee8efa8b86e67281 in 
DEBUG: ran clean --force -d . in 
DEBUG: ran git merge cc1a57f075318e49b1730c68c4482cf020fbaeb7 in 
Merged SHA cc1a57f075318e49b1730c68c4482cf020fbaeb7 with commit message 'chore: Promote bdd-spring-1568060823 to version 0.0.1' into base branch master

waiting for stage [32mfrom-build-pack[0m : container [32mstep-build-helm-build[0m to start...


Showing logs for build [32mmeta-cb-kubecd-environment-pr-5-8225t-1[0m stage [32mfrom-build-pack[0m and container [32mstep-build-helm-build[0m
WARNING: No $CHART_REPOSITORY defined so using the default value of: http://jenkins-x-chartmuseum:8080
Adding missing Helm repo: storage.googleapis.com https://storage.googleapis.com/chartmuseum.jenkins-x.io
Successfully added Helm repository storage.googleapis.com.
Adding missing Helm repo: jenkins-x-chartmuseum http://jenkins-x-chartmuseum:8080
Successfully added Helm repository jenkins-x-chartmuseum.
WARNING: No $CHART_REPOSITORY defined so using the default value of: http://jenkins-x-chartmuseum:8080
Adding missing Helm repo: chartmuseum.jenkins-x.io http://chartmuseum.jenkins-x.io
Successfully added Helm repository chartmuseum.jenkins-x.io.
